
curl -Lo /content/Stable-diffusion/models/Stable-diffusion/ExpMix_Line.safetensors https://civitai.com/api/download/models/16116?type=Pruned%20Model&format=SafeTensor: exec finish!

nohup lt --port 7860  > /content/log/url.txt 2>&1 &: exec finish!

curl -Lo /content/Controlnet/models/control_seg-fp16.safetensors https://huggingface.co/webui/ControlNet-modules-safetensors/resolve/main/control_seg-fp16.safetensors: exec finish!

Example app listening on port 8888
pwd: exec finish!
/content/drive/MyDrive/HttpServer

nohup lt --port 7860  > /content/log/url.txt 2>&1 &: exec finish!

Example app listening on port 8888
nohup lt --port 7860  > /content/log/url.txt 2>&1 &: exec finish!

Example app listening on port 8888
nohup lt --port 7860  > /content/log/url.txt 2>&1 &: exec finish!

Example app listening on port 8888
nohup lt --port 7860  > /content/log/url.txt 2>&1 &: exec finish!

Example app listening on port 8888
Example app listening on port 8888
Example app listening on port 8888
pwd: exec finish!
/content/drive/MyDrive/HttpServer

pwd: exec finish!
/content/drive/MyDrive/HttpServer

Example app listening on port 8888
events.js:292
      throw er; // Unhandled 'error' event
      ^

Error: listen EADDRINUSE: address already in use :::8888
    at Server.setupListenHandle [as _listen2] (net.js:1318:16)
    at listenInCluster (net.js:1366:12)
    at Server.listen (net.js:1452:7)
    at Function.listen (/content/drive/MyDrive/HttpServer/node_modules/express/lib/application.js:635:24)
    at Object.<anonymous> (/content/drive/MyDrive/HttpServer/Http.js:21:5)
    at Module._compile (internal/modules/cjs/loader.js:1063:30)
    at Object.Module._extensions..js (internal/modules/cjs/loader.js:1092:10)
    at Module.load (internal/modules/cjs/loader.js:928:32)
    at Function.Module._load (internal/modules/cjs/loader.js:769:14)
    at Function.executeUserEntryPoint [as runMain] (internal/modules/run_main.js:72:12)
Emitted 'error' event on Server instance at:
    at emitErrorNT (net.js:1345:8)
    at processTicksAndRejections (internal/process/task_queues.js:80:21) {
  code: 'EADDRINUSE',
  errno: -98,
  syscall: 'listen',
  address: '::',
  port: 8888
}
nohup lt --port 7860  > /content/log/url.txt 2>&1 &: exec finish!

Example app listening on port 8888
events.js:292
      throw er; // Unhandled 'error' event
      ^

Error: listen EADDRINUSE: address already in use :::8888
    at Server.setupListenHandle [as _listen2] (net.js:1318:16)
    at listenInCluster (net.js:1366:12)
    at Server.listen (net.js:1452:7)
    at Function.listen (/content/drive/MyDrive/HttpServer/node_modules/express/lib/application.js:635:24)
    at Object.<anonymous> (/content/drive/MyDrive/HttpServer/Http.js:21:5)
    at Module._compile (internal/modules/cjs/loader.js:1063:30)
    at Object.Module._extensions..js (internal/modules/cjs/loader.js:1092:10)
    at Module.load (internal/modules/cjs/loader.js:928:32)
    at Function.Module._load (internal/modules/cjs/loader.js:769:14)
    at Function.executeUserEntryPoint [as runMain] (internal/modules/run_main.js:72:12)
Emitted 'error' event on Server instance at:
    at emitErrorNT (net.js:1345:8)
    at processTicksAndRejections (internal/process/task_queues.js:80:21) {
  code: 'EADDRINUSE',
  errno: -98,
  syscall: 'listen',
  address: '::',
  port: 8888
}
nohup lt --port 7860  > /content/log/url.txt 2>&1 &: exec finish!

Example app listening on port 8888
nohup lt --port 7860  > /content/log/url.txt 2>&1 &: exec finish!

Example app listening on port 8888
nohup lt --port 7860  > /content/log/url.txt 2>&1 &: exec finish!

Example app listening on port 8888
nohup lt --port 7860  > /content/log/url.txt 2>&1 &: exec finish!

Example app listening on port 8888
nohup lt --port 7860  > /content/log/url.txt 2>&1 &: exec finish!

Example app listening on port 8888
pwd: exec finish!
/content/drive/MyDrive/HttpServer

nohup lt --port 7860  > /content/log/url.txt 2>&1 &: exec finish!

Example app listening on port 8888
nohup lt --port 7860  > /content/log/url.txt 2>&1 &: exec finish!

Example app listening on port 8888
nohup lt --port 7860  > /content/log/url.txt 2>&1 &: exec finish!

Example app listening on port 8888
nohup lt --port 7860  > /content/log/url.txt 2>&1 &: exec finish!

nohup lt --port 7860  > /content/log/url.txt 2>&1 &: exec finish!

Example app listening on port 8888
nohup lt --port 7860  > /content/log/url.txt 2>&1 &: exec finish!

Example app listening on port 8888
events.js:292
      throw er; // Unhandled 'error' event
      ^

Error: listen EADDRINUSE: address already in use :::8888
    at Server.setupListenHandle [as _listen2] (net.js:1318:16)
    at listenInCluster (net.js:1366:12)
    at Server.listen (net.js:1452:7)
    at Function.listen (/content/drive/MyDrive/HttpServer/node_modules/express/lib/application.js:635:24)
    at Object.<anonymous> (/content/drive/MyDrive/HttpServer/Http.js:21:5)
    at Module._compile (internal/modules/cjs/loader.js:1063:30)
    at Object.Module._extensions..js (internal/modules/cjs/loader.js:1092:10)
    at Module.load (internal/modules/cjs/loader.js:928:32)
    at Function.Module._load (internal/modules/cjs/loader.js:769:14)
    at Function.executeUserEntryPoint [as runMain] (internal/modules/run_main.js:72:12)
Emitted 'error' event on Server instance at:
    at emitErrorNT (net.js:1345:8)
    at processTicksAndRejections (internal/process/task_queues.js:80:21) {
  code: 'EADDRINUSE',
  errno: -98,
  syscall: 'listen',
  address: '::',
  port: 8888
}
nohup lt --port 7860  > /content/log/url.txt 2>&1 &: exec finish!

curl -Lo /content/Stable-diffusion/lora/koreanDollLikeness_v10.safetensors https://civitai.com/api/download/models/22968: exec finish!

curl -Lo /content/Stable-diffusion/models/Stable-diffusion/ChikMix.safetensors https://civitai.com/api/download/models/11727: exec finish!

Example app listening on port 8888
pwd: exec finish!
/content/drive/MyDrive/HttpServer

Example app listening on port 8888
curl -Lo /content/Stable-diffusion/models/Stable-diffusion/ReV_Animated.safetensors https://civitai.com/api/download/models/19575: exec finish!

Example app listening on port 8888
Example app listening on port 8888
curl -Lo /content/Stable-diffusion/models/Stable-diffusion/ChikMix.safetensors https://civitai.com/api/download/models/11727: exec finish!

curl -Lo /content/drive/MyDrive/stable-diffusion-webui/models/VAE/Color_Box.pt  https://civitai.com/api/download/models/25230?type=VAE&format=Other: exec finish!

Example app listening on port 8888
Example app listening on port 8888
curl -Lo /content/Stable-diffusion/lora/koreanDollLikeness_v10.safetensors https://civitai.com/api/download/models/22968: exec finish!

curl -Lo /content/Stable-diffusion/lora/TaiWanDollLikeness_v10.safetensors https://civitai.com/api/download/models/20684: exec finish!

curl -Lo /content/Stable-diffusion/lora/HKDollLikeness_v10.safetensors https://civitai.com/api/download/models/22073: exec finish!

curl -Lo /content/Stable-diffusion/lora/fashion-girl.safetensors https://civitai.com/api/download/models/28342: exec finish!

curl -Lo /content/Stable-diffusion/lora/fashion-girl.safetensors https://civitai.com/api/download/models/28342: exec finish!

Example app listening on port 8888
curl -Lo /content/Stable-diffusion/lora/Better_Bodies.safetensors https://civitai.com/api/download/models/23250: exec finish!

curl -Lo /content/Stable-diffusion/lora/POV_Squatting_Cowgirl.safetensors https://civitai.com/api/download/models/10490: exec finish!

curl -Lo /content/Stable-diffusion/lora/True_kneeling.safetensors https://civitai.com/api/download/models/30207: exec finish!

curl -Lo /content/Stable-diffusion/lora/Doggystyle_from_side_view.safetensors https://civitai.com/api/download/models/16207: exec finish!

Example app listening on port 8888
curl -Lo /content/Controlnet/models/control_mlsd-fp16.safetensors https://huggingface.co/webui/ControlNet-modules-safetensors/resolve/main/control_mlsd-fp16.safetensors: exec finish!

curl -Lo /content/Controlnet/models/control_scribble-fp16 https://huggingface.co/webui/ControlNet-modules-safetensors/resolve/main/control_scribble-fp16.safetensors: exec finish!

curl -Lo /content/Controlnet/models/control_depth-fp16.safetensors https://huggingface.co/webui/ControlNet-modules-safetensors/resolve/main/control_depth-fp16.safetensors: exec finish!

curl -Lo /content/Controlnet/models/control_scribble-fp16 https://huggingface.co/webui/ControlNet-modules-safetensors/resolve/main/control_scribble-fp16.safetensors: exec finish!

curl -Lo /content/Controlnet/models/control_scribble-fp16.safetensors https://huggingface.co/webui/ControlNet-modules-safetensors/resolve/main/control_scribble-fp16.safetensors: exec finish!

Example app listening on port 8888
Example app listening on port 8888
Example app listening on port 8888
Example app listening on port 8888
Example app listening on port 8888
